<?xml version="1.0" encoding="UTF-8"?>
<testsuite xmlns:xsi="http://www.w3.org/2001/XMLSchema-instance" xsi:noNamespaceSchemaLocation="https://maven.apache.org/surefire/maven-surefire-plugin/xsd/surefire-test-report.xsd" name="annaBrundin.BasicCalculatorTest" time="0.14" tests="20" errors="0" skipped="0" failures="0">
  <properties>
    <property name="sun.desktop" value="windows"/>
    <property name="awt.toolkit" value="sun.awt.windows.WToolkit"/>
    <property name="jdk.extensions.version" value="11.0.7.0"/>
    <property name="file.encoding.pkg" value="sun.io"/>
    <property name="java.specification.version" value="11"/>
    <property name="sun.jnu.encoding" value="Cp1252"/>
    <property name="java.class.path" value="F:\Mjukvarutestare 2020\programmering för testare\Assignment02\02-pass-annaBrundin\target\test-classes;F:\Mjukvarutestare 2020\programmering för testare\Assignment02\02-pass-annaBrundin\target\classes;C:\Users\mechalynx\.m2\repository\junit\junit\4.11\junit-4.11.jar;C:\Users\mechalynx\.m2\repository\org\hamcrest\hamcrest-core\1.3\hamcrest-core-1.3.jar;"/>
    <property name="java.vm.vendor" value="Eclipse OpenJ9"/>
    <property name="sun.arch.data.model" value="64"/>
    <property name="com.ibm.vm.bitmode" value="64"/>
    <property name="user.variant" value=""/>
    <property name="com.ibm.oti.vm.library.version" value="29"/>
    <property name="java.vendor.url" value="http://www.eclipse.org/openj9"/>
    <property name="user.timezone" value="Europe/Berlin"/>
    <property name="os.name" value="Windows 10"/>
    <property name="java.vm.specification.version" value="11"/>
    <property name="sun.java.launcher" value="SUN_STANDARD"/>
    <property name="user.country" value="SE"/>
    <property name="sun.boot.library.path" value="C:\Program Files\AdoptOpenJDK\jdk-11.0.7.10-openj9\bin\compressedrefs;C:\Program Files\AdoptOpenJDK\jdk-11.0.7.10-openj9\bin"/>
    <property name="sun.java.command" value="C:\Users\MECHAL~1\AppData\Local\Temp\surefire9513459923509848472\surefirebooter12879131784351621999.jar C:\Users\mechalynx\AppData\Local\Temp\surefire9513459923509848472 2021-03-30T02-21-42_025-jvmRun1 surefire430785225369898539tmp surefire_014115801149751214997tmp"/>
    <property name="surefire.test.class.path" value="F:\Mjukvarutestare 2020\programmering för testare\Assignment02\02-pass-annaBrundin\target\test-classes;F:\Mjukvarutestare 2020\programmering för testare\Assignment02\02-pass-annaBrundin\target\classes;C:\Users\mechalynx\.m2\repository\junit\junit\4.11\junit-4.11.jar;C:\Users\mechalynx\.m2\repository\org\hamcrest\hamcrest-core\1.3\hamcrest-core-1.3.jar;"/>
    <property name="sun.cpu.endian" value="little"/>
    <property name="user.home" value="C:\Users\mechalynx"/>
    <property name="user.language" value="sv"/>
    <property name="java.specification.vendor" value="Oracle Corporation"/>
    <property name="java.version.date" value="2020-04-14"/>
    <property name="java.home" value="C:\Program Files\AdoptOpenJDK\jdk-11.0.7.10-openj9"/>
    <property name="ibm.signalhandling.rs" value="false"/>
    <property name="file.separator" value="\"/>
    <property name="jdk.extensions.name" value="Extensions for OpenJDK for Eclipse OpenJ9"/>
    <property name="basedir" value="F:\Mjukvarutestare 2020\programmering för testare\Assignment02\02-pass-annaBrundin"/>
    <property name="line.separator" value="&#10;"/>
    <property name="java.vm.specification.vendor" value="Oracle Corporation"/>
    <property name="java.specification.name" value="Java Platform API Specification"/>
    <property name="java.compiler" value="j9jit29"/>
    <property name="com.ibm.util.extralibs.properties" value=""/>
    <property name="java.awt.graphicsenv" value="sun.awt.Win32GraphicsEnvironment"/>
    <property name="com.ibm.oti.configuration" value="scar"/>
    <property name="java.awt.fonts" value=""/>
    <property name="surefire.real.class.path" value="C:\Users\MECHAL~1\AppData\Local\Temp\surefire9513459923509848472\surefirebooter12879131784351621999.jar"/>
    <property name="com.ibm.oti.shared.enabled" value="false"/>
    <property name="com.ibm.oti.vm.bootstrap.library.path" value="C:\Program Files\AdoptOpenJDK\jdk-11.0.7.10-openj9\bin\compressedrefs;C:\Program Files\AdoptOpenJDK\jdk-11.0.7.10-openj9\bin"/>
    <property name="com.ibm.cpu.endian" value="little"/>
    <property name="java.fullversion" value="11.0.7+10&#10;JRE 11 Windows 10 amd64-64-Bit Compressed References 20200422_551 (JIT enabled, AOT enabled)&#10;OpenJ9   - 05fa2d361&#10;OMR      - d4365f371&#10;JCL      - 838028fc9d based on jdk-11.0.7+10"/>
    <property name="java.runtime.version" value="11.0.7+10"/>
    <property name="user.name" value="mechalynx"/>
    <property name="path.separator" value=";"/>
    <property name="os.version" value="10.0"/>
    <property name="java.runtime.name" value="OpenJDK Runtime Environment"/>
    <property name="ibm.signalhandling.sigint" value="true"/>
    <property name="file.encoding" value="Cp1252"/>
    <property name="java.vm.name" value="Eclipse OpenJ9 VM"/>
    <property name="java.vendor.version" value="AdoptOpenJDK"/>
    <property name="ibm.signalhandling.sigchain" value="true"/>
    <property name="localRepository" value="C:\Users\mechalynx\.m2\repository"/>
    <property name="java.io.tmpdir" value="C:\Users\MECHAL~1\AppData\Local\Temp\"/>
    <property name="idea.version" value="2020.3.3"/>
    <property name="java.version" value="11.0.7"/>
    <property name="com.ibm.system.agent.path" value="C:\Program Files\AdoptOpenJDK\jdk-11.0.7.10-openj9\bin"/>
    <property name="user.dir" value="F:\Mjukvarutestare 2020\programmering för testare\Assignment02\02-pass-annaBrundin"/>
    <property name="os.arch" value="amd64"/>
    <property name="java.vm.specification.name" value="Java Virtual Machine Specification"/>
    <property name="java.awt.printerjob" value="sun.awt.windows.WPrinterJob"/>
    <property name="os.encoding" value="UTF8"/>
    <property name="java.library.path" value="C:\Program Files\AdoptOpenJDK\jdk-11.0.7.10-openj9\bin\compressedrefs;C:\Program Files\AdoptOpenJDK\jdk-11.0.7.10-openj9\bin;C:\Windows\system32;C:\Windows;C:\Program Files\AdoptOpenJDK\jdk-11.0.10.9-hotspot\bin;C:\Python38\Scripts\;C:\Python38\;C:\Program Files\AdoptOpenJDK\jdk-11.0.7.10-openj9\bin;C:\Windows\system32;C:\Windows;C:\Windows\System32\Wbem;C:\Windows\System32\WindowsPowerShell\v1.0\;C:\Windows\System32\OpenSSH\;C:\Program Files\dotnet\;C:\Program Files\Microsoft SQL Server\130\Tools\Binn\;C:\Program Files\Microsoft SQL Server\Client SDK\ODBC\170\Tools\Binn\;C:\ProgramData\chocolatey\bin;C:\Program Files\nodejs\;C:\Program Files\Git\cmd;C:\Users\mechalynx\AppData\Local\Microsoft\WindowsApps;C:\Users\mechalynx\AppData\Local\Programs\Microsoft VS Code\bin;C:\Users\mechalynx\AppData\Roaming\npm;."/>
    <property name="java.vendor" value="Eclipse OpenJ9"/>
    <property name="java.vm.info" value="JRE 11 Windows 10 amd64-64-Bit Compressed References 20200422_551 (JIT enabled, AOT enabled)&#10;OpenJ9   - 05fa2d361&#10;OMR      - d4365f371&#10;JCL      - 838028fc9d based on jdk-11.0.7+10"/>
    <property name="java.vm.version" value="openj9-0.20.0"/>
    <property name="com.ibm.jcl.checkClassPath" value=""/>
    <property name="ibm.system.encoding" value="Cp1252"/>
    <property name="sun.io.unicode.encoding" value="UnicodeLittle"/>
    <property name="java.class.version" value="55.0"/>
  </properties>
  <testcase name="subtractionPositive" classname="annaBrundin.BasicCalculatorTest" time="0.034"/>
  <testcase name="subtractionNegative" classname="annaBrundin.BasicCalculatorTest" time="0.009"/>
  <testcase name="subtraction" classname="annaBrundin.BasicCalculatorTest" time="0.014"/>
  <testcase name="multiplicationZeroValue1" classname="annaBrundin.BasicCalculatorTest" time="0.004"/>
  <testcase name="multiplicationZeroValue2" classname="annaBrundin.BasicCalculatorTest" time="0.004"/>
  <testcase name="additionZeroValue1" classname="annaBrundin.BasicCalculatorTest" time="0"/>
  <testcase name="additionZeroValue2" classname="annaBrundin.BasicCalculatorTest" time="0"/>
  <testcase name="addition" classname="annaBrundin.BasicCalculatorTest" time="0"/>
  <testcase name="multiplicationPositive" classname="annaBrundin.BasicCalculatorTest" time="0.004"/>
  <testcase name="additionPositive" classname="annaBrundin.BasicCalculatorTest" time="0.003"/>
  <testcase name="multiplicationNegative" classname="annaBrundin.BasicCalculatorTest" time="0.004"/>
  <testcase name="additionNegative" classname="annaBrundin.BasicCalculatorTest" time="0.005"/>
  <testcase name="division" classname="annaBrundin.BasicCalculatorTest" time="0.006"/>
  <testcase name="subtractionZeroValue1" classname="annaBrundin.BasicCalculatorTest" time="0.005"/>
  <testcase name="subtractionZeroValue2" classname="annaBrundin.BasicCalculatorTest" time="0.007"/>
  <testcase name="multiplication" classname="annaBrundin.BasicCalculatorTest" time="0.004"/>
  <testcase name="divisionPositive" classname="annaBrundin.BasicCalculatorTest" time="0.003"/>
  <testcase name="divisionNegative" classname="annaBrundin.BasicCalculatorTest" time="0.003"/>
  <testcase name="divisionZeroValue1" classname="annaBrundin.BasicCalculatorTest" time="0.002"/>
  <testcase name="divisionZeroValue2" classname="annaBrundin.BasicCalculatorTest" time="0.002"/>
</testsuite>