<?xml version="1.0" encoding="UTF-8"?>
<!-- Generated by org.testng.reporters.JUnitReportReporter -->
<testsuite hostname="ARTEMIS" failures="0" tests="5" name="se.nackademin.examination.examination_jacoco.ConversorTest" time="0.001" errors="0" timestamp="1 Apr 2021 13:14:29 GMT">
  <testcase classname="se.nackademin.examination.examination_jacoco.ConversorTest" name="testSetNameConverterArrayValues" time="0.000"/>
  <testcase classname="se.nackademin.examination.examination_jacoco.ConversorTest" name="testGetSetCityConverterArrayValues" time="0.000"/>
  <testcase classname="se.nackademin.examination.examination_jacoco.ConversorTest" name="testGetSetGenderConverterArrayValues" time="0.000"/>
  <testcase classname="se.nackademin.examination.examination_jacoco.ConversorTest" name="testGetSetAgeConverterArrayValues" time="0.001"/>
  <testcase classname="se.nackademin.examination.examination_jacoco.ConversorTest" name="testConversor" time="0.000"/>
</testsuite> <!-- se.nackademin.examination.examination_jacoco.ConversorTest -->
