<?xml version="1.0" encoding="UTF-8"?>
<!-- Generated by org.testng.reporters.JUnitReportReporter -->
<testsuite hostname="ARTEMIS" failures="0" tests="1" name="se.nackademin.examination.examination_jacoco.ResultsFromInputsTest" time="0.002" errors="0" timestamp="1 Apr 2021 14:03:31 GMT">
  <testcase classname="se.nackademin.examination.examination_jacoco.ResultsFromInputsTest" name="testAgeGettersAndSettersMethods" time="0.002"/>
</testsuite> <!-- se.nackademin.examination.examination_jacoco.ResultsFromInputsTest -->
