<?xml version="1.0" encoding="UTF-8"?>
<!-- Generated by org.testng.reporters.JUnitReportReporter -->
<testsuite hostname="ARTEMIS" failures="0" tests="3" name="se.nackademin.examination.examination_jacoco.DataAnalysisTest" time="0.002" errors="0" timestamp="1 Apr 2021 14:03:31 GMT">
  <testcase classname="se.nackademin.examination.examination_jacoco.DataAnalysisTest" name="testGetResultStringNamesAndAge" time="0.001"/>
  <testcase classname="se.nackademin.examination.examination_jacoco.DataAnalysisTest" name="testBuildFinalString" time="0.000"/>
  <testcase classname="se.nackademin.examination.examination_jacoco.DataAnalysisTest" name="testGetResulStringHomecityAndAge" time="0.001"/>
</testsuite> <!-- se.nackademin.examination.examination_jacoco.DataAnalysisTest -->
