<?xml version="1.0" encoding="UTF-8"?>
<!-- Generated by org.testng.reporters.JUnitReportReporter -->
<testsuite hostname="ARTEMIS" failures="0" tests="9" name="se.nackademin.examination.examination_jacoco.GameTest" time="0.010" errors="0" timestamp="1 Apr 2021 13:14:29 GMT">
  <testcase classname="se.nackademin.examination.examination_jacoco.GameTest" name="testCalculateOutPutBasedOnAge" time="0.000"/>
  <testcase classname="se.nackademin.examination.examination_jacoco.GameTest" name="collectInputDataCorrectUserInput" time="0.004"/>
  <testcase classname="se.nackademin.examination.examination_jacoco.GameTest" name="testGetGenderFromInputValues" time="0.002"/>
  <testcase classname="se.nackademin.examination.examination_jacoco.GameTest" name="testRunGame" time="0.001"/>
  <testcase classname="se.nackademin.examination.examination_jacoco.GameTest" name="testGetAgeFromInputValues" time="0.000"/>
  <testcase classname="se.nackademin.examination.examination_jacoco.GameTest" name="testCalculateOutPutBasedOnNames" time="0.000"/>
  <testcase classname="se.nackademin.examination.examination_jacoco.GameTest" name="testCalculateOutPutBasedOnGender" time="0.000"/>
  <testcase classname="se.nackademin.examination.examination_jacoco.GameTest" name="testRun" time="0.003"/>
  <testcase classname="se.nackademin.examination.examination_jacoco.GameTest" name="testCalculateOutPutBasedOnHomeCity" time="0.000"/>
</testsuite> <!-- se.nackademin.examination.examination_jacoco.GameTest -->
