<?xml version="1.0" encoding="UTF-8"?>
<!-- Generated by org.testng.reporters.JUnitReportReporter -->
<testsuite hostname="ARTEMIS" failures="0" tests="1" name="se.nackademin.examination.examination_jacoco.MainTest" time="0.016" errors="0" timestamp="1 Apr 2021 13:14:29 GMT">
  <testcase classname="se.nackademin.examination.examination_jacoco.MainTest" name="testMainMethod" time="0.016"/>
</testsuite> <!-- se.nackademin.examination.examination_jacoco.MainTest -->
